<?xml version="1.0" encoding="UTF-8"?>
<!-- Generated by org.testng.reporters.JUnitXMLReporter -->
<testsuite hostname="DESKTOP-3ULM9KP" ignored="0" name="Ordofy" tests="1" failures="0" timestamp="01 Apr 2021 06:02:25 GMT" time="0.198" errors="0">
  <testcase name="@BeforeClass setup" time="0.0" classname="com.ordofy.Testcases.BaseClass">
    <failure type="org.testng.TestNGException" message="
Parameter &amp;apos;browser&amp;apos; is required by BeforeClass on method setup but has not been marked @Optional or defined
in C:\Users\mrk\workspace\ORDOFY_V1\testng.xml">
      <![CDATA[org.testng.TestNGException: 
Parameter 'browser' is required by BeforeClass on method setup but has not been marked @Optional or defined
in C:\Users\mrk\workspace\ORDOFY_V1\testng.xml
... Removed 22 stack frames]]>
    </failure>
  </testcase> <!-- @BeforeClass setup -->
  <testcase name="@AfterClass teardown" time="0.0" classname="com.ordofy.Testcases.BaseClass">
    <skipped/>
  </testcase> <!-- @AfterClass teardown -->
  <testcase name="testcases" time="0.0" classname="com.ordofy.Testcases.TC_loginpage">
    <skipped/>
  </testcase> <!-- testcases -->
</testsuite> <!-- Ordofy -->
