<?xml version="1.0" encoding="UTF-8"?>
<testng-results skipped="0" failed="0" ignored="0" total="1" passed="1">
  <reporter-output>
  </reporter-output>
  <suite name="Failed suite [ORDOFY_V1]" duration-ms="12865" started-at="2021-04-01T10:24:31Z" finished-at="2021-04-01T10:24:44Z">
    <groups>
    </groups>
    <test name="OrdofyApp_testing(failed)" duration-ms="12865" started-at="2021-04-01T10:24:31Z" finished-at="2021-04-01T10:24:44Z">
      <class name="com.ordofy.Testcases.TC_loginpage">
        <test-method status="PASS" signature="setup(java.lang.String)[pri:0, instance:com.ordofy.Testcases.TC_loginpage@6a41eaa2]" name="setup" is-config="true" duration-ms="2865" started-at="2021-04-01T15:54:31Z" finished-at="2021-04-01T15:54:34Z">
          <params>
            <param index="0">
              <value>
                <![CDATA[chrome]]>
              </value>
            </param>
          </params>
          <reporter-output>
          </reporter-output>
        </test-method> <!-- setup -->
        <test-method status="PASS" signature="testcases()[pri:0, instance:com.ordofy.Testcases.TC_loginpage@6a41eaa2]" name="testcases" duration-ms="9174" started-at="2021-04-01T15:54:34Z" finished-at="2021-04-01T15:54:43Z">
          <reporter-output>
          </reporter-output>
        </test-method> <!-- testcases -->
        <test-method status="PASS" signature="teardown()[pri:0, instance:com.ordofy.Testcases.TC_loginpage@6a41eaa2]" name="teardown" is-config="true" duration-ms="642" started-at="2021-04-01T15:54:43Z" finished-at="2021-04-01T15:54:44Z">
          <reporter-output>
          </reporter-output>
        </test-method> <!-- teardown -->
      </class> <!-- com.ordofy.Testcases.TC_loginpage -->
    </test> <!-- OrdofyApp_testing(failed) -->
  </suite> <!-- Failed suite [ORDOFY_V1] -->
</testng-results>
